#
# A fatal error has been detected by the Java Runtime Environment:
#
#  SIGSEGV (0xb) at pc=0x0000000106d48ea8, pid=24008, tid=17155
#
# JRE version: Java(TM) SE Runtime Environment 18.9 (11.0.8+10) (build 11.0.8+10-LTS)
# Java VM: Java HotSpot(TM) 64-Bit Server VM 18.9 (11.0.8+10-LTS, mixed mode, tiered, compressed oops, parallel gc, bsd-amd64)
# Problematic frame:
# V  [libjvm.dylib+0x548ea8]  Node::in(unsigned int) const+0x18
#
# No core dump will be written. Core dumps have been disabled. To enable core dumping, try "ulimit -c unlimited" before starting Java again
#
# If you would like to submit a bug report, please visit:
#   https://bugreport.java.com/bugreport/crash.jsp
#

---------------  S U M M A R Y ------------

Command Line: --add-modules=ALL-SYSTEM --add-opens=java.base/java.util=ALL-UNNAMED --add-opens=java.base/java.lang=ALL-UNNAMED -Declipse.application=org.eclipse.jdt.ls.core.id1 -Dosgi.bundles.defaultStartLevel=4 -Declipse.product=org.eclipse.jdt.ls.core.product -Dfile.encoding=utf8 -XX:+UseParallelGC -XX:GCTimeRatio=4 -XX:AdaptiveSizePolicyWeight=90 -Dsun.zip.disableMemoryMapping=true -Xmx1G -Xms100m -javaagent:/Users/vinod/.vscode/extensions/gabrielbb.vscode-lombok-1.0.1/server/lombok.jar -Xverify:none /Users/vinod/.vscode/extensions/redhat.java-0.79.2/server/plugins/org.eclipse.equinox.launcher_1.6.100.v20201223-0822.jar -configuration /Users/vinod/Library/Application Support/Code/User/globalStorage/redhat.java/0.79.2/config_mac -data /Users/vinod/Library/Application Support/Code/User/workspaceStorage/f913a43c9b6fc29dedac1625012c17f2/redhat.java/jdt_ws

Host: MacBookPro16,1 x86_64 2600 MHz, 12 cores, 16G, Darwin 20.5.0
Time: Fri Jun 18 12:54:44 2021 IST elapsed time: 11384 seconds (0d 3h 9m 44s)

---------------  T H R E A D  ---------------

Current thread (0x00007f8ce980f800):  JavaThread "C2 CompilerThread0" daemon [_thread_in_native, id=17155, stack(0x0000700007ff6000,0x00007000080f6000)]


Current CompileTask:
C2:11384149 27459 %s!   4       org.eclipse.debug.core.sourcelookup.containers.ExternalArchiveSourceContainer::searchRoots @ 103 (420 bytes)

Stack: [0x0000700007ff6000,0x00007000080f6000],  sp=0x00007000080f2940,  free space=1010k
Native frames: (J=compiled Java code, A=aot compiled Java code, j=interpreted, Vv=VM code, C=native code)
V  [libjvm.dylib+0x548ea8]  Node::in(unsigned int) const+0x18
V  [libjvm.dylib+0x558e16]  PhaseIdealLoop::idom_no_update(unsigned int) const+0x36
V  [libjvm.dylib+0x558daf]  PhaseIdealLoop::idom(unsigned int) const+0x1f
V  [libjvm.dylib+0x5620e7]  IdealLoopTree::check_safepts(VectorSet&, Node_List&)+0x187
V  [libjvm.dylib+0x561f8f]  IdealLoopTree::check_safepts(VectorSet&, Node_List&)+0x2f
V  [libjvm.dylib+0x563427]  PhaseIdealLoop::build_and_optimize(LoopOptsMode)+0x3f9
V  [libjvm.dylib+0x22062d]  Compile::Optimize()+0x585
V  [libjvm.dylib+0x21f3f5]  Compile::Compile(ciEnv*, C2Compiler*, ciMethod*, int, bool, bool, bool, DirectiveSet*)+0x853
V  [libjvm.dylib+0x19e014]  C2Compiler::compile_method(ciEnv*, ciMethod*, int, DirectiveSet*)+0xb6
V  [libjvm.dylib+0x22bfbb]  CompileBroker::invoke_compiler_on_method(CompileTask*)+0x5b9
V  [libjvm.dylib+0x22b883]  CompileBroker::compiler_thread_loop()+0x1ab
V  [libjvm.dylib+0x733412]  JavaThread::thread_main_inner()+0x82
V  [libjvm.dylib+0x73325d]  JavaThread::run()+0x1a3
V  [libjvm.dylib+0x731068]  Thread::call_run()+0x60
V  [libjvm.dylib+0x635e47]  thread_native_entry(Thread*)+0x139
C  [libsystem_pthread.dylib+0x68fc]  _pthread_start+0xe0
C  [libsystem_pthread.dylib+0x2443]  thread_start+0xf


siginfo: si_signo: 11 (SIGSEGV), si_code: 1 (SEGV_MAPERR), si_addr: 0x0000000000000000

Register to memory mapping:

RAX=0x0 is NULL
RBX=0x00007f8ce832db80 points into unknown readable memory: 40 ce 10 07 01 00 00 00
RCX=0x00000000000003fe is an unknown value
RDX=0x00007f8ce4037250 points into unknown readable memory: 60 d1 10 07 01 00 00 00
RSP=0x00007000080f2940 is pointing into the stack for thread: 0x00007f8ce980f800
RBP=0x00007000080f2940 is pointing into the stack for thread: 0x00007f8ce980f800
RSI=0x0 is NULL
RDI=0x0 is NULL
R8 =0x0000000000000020 is an unknown value
R9 =0xffffffff00000000 is an unknown value
R10=0x0000000107157a68: _ZL8tc_mutex+0x18 in /Library/Java/JavaVirtualMachines/jdk-11.0.8.jdk/Contents/Home/lib/server/libjvm.dylib at 0x0000000106800000
R11=0x0 is NULL
R12=0x00007f8ce5b3ac20 points into unknown readable memory: 10 46 b3 e5 8c 7f 00 00
R13=0x0000000000000096 is an unknown value
R14=0x00007f8ce4b40b60 points into unknown readable memory: 80 ab b3 e5 8c 7f 00 00
R15=0x00007000080f2d60 is pointing into the stack for thread: 0x00007f8ce980f800


Registers:
RAX=0x0000000000000000, RBX=0x00007f8ce832db80, RCX=0x00000000000003fe, RDX=0x00007f8ce4037250
RSP=0x00007000080f2940, RBP=0x00007000080f2940, RSI=0x0000000000000000, RDI=0x0000000000000000
R8 =0x0000000000000020, R9 =0xffffffff00000000, R10=0x0000000107157a68, R11=0x0000000000000000
R12=0x00007f8ce5b3ac20, R13=0x0000000000000096, R14=0x00007f8ce4b40b60, R15=0x00007000080f2d60
RIP=0x0000000106d48ea8, EFLAGS=0x0000000000010246, ERR=0x0000000000000004
  TRAPNO=0x000000000000000e

Top of Stack: (sp=0x00007000080f2940)
0x00007000080f2940:   00007000080f2970 0000000106d58e16
0x00007000080f2950:   00007000080f2e00 000000010717b820
0x00007000080f2960:   000003fe080f2990 00007000080f2e00
0x00007000080f2970:   00007000080f29a0 0000000106d58daf
0x00007000080f2980:   00007000080f2e00 00007000080f2e00
0x00007000080f2990:   000003fee4037250 00007000080f2e00
0x00007000080f29a0:   00007000080f29f0 0000000106d620e7
0x00007000080f29b0:   0000000000000080 00007000080f2a50
0x00007000080f29c0:   0000000000000000 00007000080f2a50
0x00007000080f29d0:   00007f8ce5b34610 00007000080f2e20
0x00007000080f29e0:   0000000000000003 00007000080f2d60
0x00007000080f29f0:   00007000080f2a40 0000000106d61f8f
0x00007000080f2a00:   00007f8ce4308410 00007f8ce4f08600
0x00007000080f2a10:   0000000000000020 0000000000000092
0x00007000080f2a20:   00007000080f2e10 00007000080f2e20
0x00007000080f2a30:   0000000000000003 00007000080f2e00
0x00007000080f2a40:   00007000080f2df0 0000000106d63427
0x00007000080f2a50:   00007f8ce4f08600 0000000000000004
0x00007000080f2a60:   00007f8ce43034c0 00007fff00000000
0x00007000080f2a70:   00007000080f2ab0 00007fff20323fe5
0x00007000080f2a80:   0000000000000000 00007000080f2b08
0x00007000080f2a90:   0000000000000000 00007000080f2b08
0x00007000080f2aa0:   0000000000007fe8 000000000000000d
0x00007000080f2ab0:   00007000080f2af0 0000000106e32486
0x00007000080f2ac0:   0000000000000000 00000001000a4000
0x00007000080f2ad0:   0000000000000040 00007f8ce581ec00
0x00007000080f2ae0:   00007000080f2b20 00007fff2030b0c6
0x00007000080f2af0:   0000000000000000 0000000100092380
0x00007000080f2b00:   0000000000000040 000000010009fa00
0x00007000080f2b10:   00000001000a4000 0000000000000040
0x00007000080f2b20:   00007000080f2bd0 00007fff2030a937
0x00007000080f2b30:   00007f8cee268000 f6bbc000c0001007 

Instructions: (pc=0x0000000106d48ea8)
0x0000000106d48e88:   0f 1f 84 00 00 00 00 00 55 48 89 e5 48 89 7d f8
0x0000000106d48e98:   89 75 f4 48 8b 7d f8 48 8b 7f 08 8b 75 f4 89 f0
0x0000000106d48ea8:   48 8b 04 c7 5d c3 66 90 55 48 89 e5 48 83 ec 20
0x0000000106d48eb8:   48 89 7d f8 48 8b 7d f8 48 89 7d f0 e8 97 f4 00 

Stack slot to memory mapping:
stack at sp + 0 slots: 0x00007000080f2970 is pointing into the stack for thread: 0x00007f8ce980f800
stack at sp + 1 slots: 0x0000000106d58e16: _ZNK14PhaseIdealLoop14idom_no_updateEj+0x36 in /Library/Java/JavaVirtualMachines/jdk-11.0.8.jdk/Contents/Home/lib/server/libjvm.dylib at 0x0000000106800000
stack at sp + 2 slots: 0x00007000080f2e00 is pointing into the stack for thread: 0x00007f8ce980f800
stack at sp + 3 slots: 0x000000010717b820: _ZN8IndexSet12_empty_blockE+0 in /Library/Java/JavaVirtualMachines/jdk-11.0.8.jdk/Contents/Home/lib/server/libjvm.dylib at 0x0000000106800000
stack at sp + 4 slots: 0x000003fe080f2990 is an unknown value
stack at sp + 5 slots: 0x00007000080f2e00 is pointing into the stack for thread: 0x00007f8ce980f800
stack at sp + 6 slots: 0x00007000080f29a0 is pointing into the stack for thread: 0x00007f8ce980f800
stack at sp + 7 slots: 0x0000000106d58daf: _ZNK14PhaseIdealLoop4idomEj+0x1f in /Library/Java/JavaVirtualMachines/jdk-11.0.8.jdk/Contents/Home/lib/server/libjvm.dylib at 0x0000000106800000


---------------  P R O C E S S  ---------------

Threads class SMR info:
_java_thread_list=0x00007f8cecf3fbd0, length=49, elements={
0x00007f8ce6809800, 0x00007f8ce8011000, 0x00007f8ce581c000, 0x00007f8ce980c800,
0x00007f8ce980f800, 0x00007f8ce3818000, 0x00007f8ce8817800, 0x00007f8ce400e800,
0x00007f8ce88cb800, 0x00007f8ce8925000, 0x00007f8ce98dc800, 0x00007f8ce892c800,
0x00007f8ce713a800, 0x00007f8cec0f8000, 0x00007f8ce98f3800, 0x00007f8ce9969800,
0x00007f8ce714a800, 0x00007f8cec146000, 0x00007f8ce73bf800, 0x00007f8ce90be000,
0x00007f8ce940c800, 0x00007f8ce810a000, 0x00007f8ce99c7800, 0x00007f8cee1d3000,
0x00007f8cedeee000, 0x00007f8ce6b31800, 0x00007f8cef86a800, 0x00007f8ce990b800,
0x00007f8ce9283000, 0x00007f8ce940d000, 0x00007f8ce90ba800, 0x00007f8ceedd3000,
0x00007f8ce600b800, 0x00007f8ceec0a000, 0x00007f8cefa94800, 0x00007f8ce416d000,
0x00007f8ce51be800, 0x00007f8ceec08000, 0x00007f8ce985d800, 0x00007f8cee074800,
0x00007f8ce9a0e000, 0x00007f8ce9aec000, 0x00007f8cefff5000, 0x00007f8cefa47000,
0x00007f8ce6ce4000, 0x00007f8ce906a800, 0x00007f8cef866000, 0x00007f8cefc54800,
0x00007f8ce9aed000
}

Java Threads: ( => current thread )
  0x00007f8ce6809800 JavaThread "main" [_thread_blocked, id=6147, stack(0x00007000078de000,0x00007000079de000)]
  0x00007f8ce8011000 JavaThread "Reference Handler" daemon [_thread_blocked, id=11779, stack(0x0000700007be7000,0x0000700007ce7000)]
  0x00007f8ce581c000 JavaThread "Finalizer" daemon [_thread_blocked, id=18947, stack(0x0000700007cea000,0x0000700007dea000)]
  0x00007f8ce980c800 JavaThread "Signal Dispatcher" daemon [_thread_blocked, id=17667, stack(0x0000700007ef3000,0x0000700007ff3000)]
=>0x00007f8ce980f800 JavaThread "C2 CompilerThread0" daemon [_thread_in_native, id=17155, stack(0x0000700007ff6000,0x00007000080f6000)]
  0x00007f8ce3818000 JavaThread "C1 CompilerThread0" daemon [_thread_blocked, id=16643, stack(0x00007000080f9000,0x00007000081f9000)]
  0x00007f8ce8817800 JavaThread "Sweeper thread" daemon [_thread_blocked, id=14595, stack(0x00007000081fc000,0x00007000082fc000)]
  0x00007f8ce400e800 JavaThread "Common-Cleaner" daemon [_thread_blocked, id=15107, stack(0x00007000082ff000,0x00007000083ff000)]
  0x00007f8ce88cb800 JavaThread "Service Thread" daemon [_thread_blocked, id=21763, stack(0x0000700008402000,0x0000700008502000)]
  0x00007f8ce8925000 JavaThread "Active Thread: Equinox Container: 43dc835e-4620-4726-afdd-389ff36bc15a" [_thread_blocked, id=23043, stack(0x0000700008732000,0x0000700008832000)]
  0x00007f8ce98dc800 JavaThread "Framework Event Dispatcher: Equinox Container: 43dc835e-4620-4726-afdd-389ff36bc15a" daemon [_thread_blocked, id=41475, stack(0x0000700008835000,0x0000700008935000)]
  0x00007f8ce892c800 JavaThread "Start Level: Equinox Container: 43dc835e-4620-4726-afdd-389ff36bc15a" daemon [_thread_blocked, id=40963, stack(0x0000700008938000,0x0000700008a38000)]
  0x00007f8ce713a800 JavaThread "SCR Component Actor" daemon [_thread_blocked, id=27919, stack(0x0000700008c41000,0x0000700008d41000)]
  0x00007f8cec0f8000 JavaThread "Worker-JM" [_thread_blocked, id=43779, stack(0x0000700008e47000,0x0000700008f47000)]
  0x00007f8ce98f3800 JavaThread "Java indexing" daemon [_thread_blocked, id=83715, stack(0x000070000955c000,0x000070000965c000)]
  0x00007f8ce9969800 JavaThread "logback configurator timer" daemon [_thread_blocked, id=83203, stack(0x0000700009865000,0x0000700009965000)]
  0x00007f8ce714a800 JavaThread "pool-3-thread-1" [_thread_blocked, id=46851, stack(0x0000700009968000,0x0000700009a68000)]
  0x00007f8cec146000 JavaThread "pool-2-thread-1" [_thread_in_native, id=47107, stack(0x0000700009a6b000,0x0000700009b6b000)]
  0x00007f8ce73bf800 JavaThread "Bundle File Closer" daemon [_thread_blocked, id=48151, stack(0x0000700009d74000,0x0000700009e74000)]
  0x00007f8ce90be000 JavaThread "Java Debug Server" daemon [_thread_in_native, id=77615, stack(0x0000700007ded000,0x0000700007eed000)]
  0x00007f8ce940c800 JavaThread "RxSchedulerPurge-1" daemon [_thread_blocked, id=53003, stack(0x000070000aca1000,0x000070000ada1000)]
  0x00007f8ce810a000 JavaThread "RxCachedWorkerPoolEvictor-1" daemon [_thread_blocked, id=79111, stack(0x000070000ada4000,0x000070000aea4000)]
  0x00007f8ce99c7800 JavaThread "Worker-77" [_thread_blocked, id=86351, stack(0x000070000a998000,0x000070000aa98000)]
  0x00007f8cee1d3000 JavaThread "ForkJoinPool.commonPool-worker-3" daemon [_thread_blocked, id=73779, stack(0x0000700008f4a000,0x000070000904a000)]
  0x00007f8cedeee000 JavaThread "ForkJoinPool.commonPool-worker-19" daemon [_thread_blocked, id=78391, stack(0x0000700009459000,0x0000700009559000)]
  0x00007f8ce6b31800 JavaThread "ForkJoinPool.commonPool-worker-5" daemon [_thread_blocked, id=75627, stack(0x0000700009b6e000,0x0000700009c6e000)]
  0x00007f8cef86a800 JavaThread "ForkJoinPool.commonPool-worker-23" daemon [_thread_blocked, id=76327, stack(0x0000700009c71000,0x0000700009d71000)]
  0x00007f8ce990b800 JavaThread "ForkJoinPool.commonPool-worker-9" daemon [_thread_blocked, id=75811, stack(0x0000700009e77000,0x0000700009f77000)]
  0x00007f8ce9283000 JavaThread "ForkJoinPool.commonPool-worker-13" daemon [_thread_blocked, id=79963, stack(0x0000700009f7a000,0x000070000a07a000)]
  0x00007f8ce940d000 JavaThread "ForkJoinPool.commonPool-worker-27" daemon [_thread_blocked, id=78879, stack(0x000070000a07d000,0x000070000a17d000)]
  0x00007f8ce90ba800 JavaThread "ForkJoinPool.commonPool-worker-7" daemon [_thread_blocked, id=59407, stack(0x000070000a283000,0x000070000a383000)]
  0x00007f8ceedd3000 JavaThread "ForkJoinPool.commonPool-worker-17" daemon [_thread_blocked, id=57423, stack(0x000070000a386000,0x000070000a486000)]
  0x00007f8ce600b800 JavaThread "ForkJoinPool.commonPool-worker-21" daemon [_thread_blocked, id=77351, stack(0x0000700008d44000,0x0000700008e44000)]
  0x00007f8ceec0a000 JavaThread "ForkJoinPool.commonPool-worker-11" daemon [_thread_in_Java, id=52803, stack(0x000070000a50c000,0x000070000a60c000)]
  0x00007f8cefa94800 JavaThread "ForkJoinPool.commonPool-worker-25" daemon [_thread_blocked, id=55595, stack(0x000070000a712000,0x000070000a812000)]
  0x00007f8ce416d000 JavaThread "ForkJoinPool.commonPool-worker-15" daemon [_thread_blocked, id=44343, stack(0x000070000a815000,0x000070000a915000)]
  0x00007f8ce51be800 JavaThread "ForkJoinPool.commonPool-worker-29" daemon [_thread_blocked, id=78603, stack(0x000070000aa9b000,0x000070000ab9b000)]
  0x00007f8ceec08000 JavaThread "ForkJoinPool.commonPool-worker-31" daemon [_thread_blocked, id=54631, stack(0x000070000ab9e000,0x000070000ac9e000)]
  0x00007f8ce985d800 JavaThread "Worker-89" [_thread_blocked, id=76867, stack(0x000070000aea7000,0x000070000afa7000)]
  0x00007f8cee074800 JavaThread "Worker-90" [_thread_blocked, id=82019, stack(0x000070000a60f000,0x000070000a70f000)]
  0x00007f8ce9a0e000 JavaThread "Worker-91" [_thread_blocked, id=84295, stack(0x000070000afaa000,0x000070000b0aa000)]
  0x00007f8ce9aec000 JavaThread "Worker-92" [_thread_blocked, id=52071, stack(0x000070000b0ad000,0x000070000b1ad000)]
  0x00007f8cefff5000 JavaThread "pool-5-thread-28" [_thread_in_native, id=54799, stack(0x000070000b1b0000,0x000070000b2b0000)]
  0x00007f8cefa47000 JavaThread "RxNewThreadScheduler-83" daemon [_thread_blocked, id=52307, stack(0x000070000b2b3000,0x000070000b3b3000)]
  0x00007f8ce6ce4000 JavaThread "process reaper" daemon [_thread_blocked, id=51751, stack(0x0000700008608000,0x000070000862c000)]
  0x00007f8ce906a800 JavaThread "Thread-52" daemon [_thread_blocked, id=56607, stack(0x000070000b3b6000,0x000070000b4b6000)]
  0x00007f8cef866000 JavaThread "Debuggee Stdout Handler" daemon [_thread_in_vm, id=80527, stack(0x000070000b4b9000,0x000070000b5b9000)]
  0x00007f8cefc54800 JavaThread "Debuggee Stderr Handler" daemon [_thread_in_Java, id=84879, stack(0x000070000b5bc000,0x000070000b6bc000)]
  0x00007f8ce9aed000 JavaThread "RxNewThreadScheduler-84" daemon [_thread_blocked, id=22295, stack(0x000070000b6bf000,0x000070000b7bf000)]

Other Threads:
  0x00007f8ce8812800 VMThread "VM Thread" [stack: 0x0000700007ae4000,0x0000700007be4000] [id=20227] _threads_hazard_ptr=0x00007f8cecf3fbd0
  0x00007f8ce9886800 WatcherThread [stack: 0x0000700008505000,0x0000700008605000] [id=22019]
  0x00007f8ce9009000 GCTaskThread "ParGC Thread#0" [stack: 0x00007000079e1000,0x0000700007ae1000] [id=11011]
  0x00007f8ce98e0000 GCTaskThread "ParGC Thread#1" [stack: 0x000070000862f000,0x000070000872f000] [id=42243]
  0x00007f8ce88cc800 GCTaskThread "ParGC Thread#2" [stack: 0x0000700008a3b000,0x0000700008b3b000] [id=38407]
  0x00007f8ce892d800 GCTaskThread "ParGC Thread#3" [stack: 0x0000700008b3e000,0x0000700008c3e000] [id=26371]
  0x00007f8ce893b000 GCTaskThread "ParGC Thread#4" [stack: 0x000070000904d000,0x000070000914d000] [id=85763]
  0x00007f8ce893f000 GCTaskThread "ParGC Thread#5" [stack: 0x0000700009150000,0x0000700009250000] [id=44547]
  0x00007f8ce894c800 GCTaskThread "ParGC Thread#6" [stack: 0x0000700009253000,0x0000700009353000] [id=85251]
  0x00007f8ce8031800 GCTaskThread "ParGC Thread#7" [stack: 0x0000700009356000,0x0000700009456000] [id=84995]
  0x00007f8cec123000 GCTaskThread "ParGC Thread#8" [stack: 0x000070000965f000,0x000070000975f000] [id=45571]
  0x00007f8ce90e8000 GCTaskThread "ParGC Thread#9" [stack: 0x0000700009762000,0x0000700009862000] [id=46083]

Threads with active compile tasks:
C2 CompilerThread011384165 27459 %s!   4       org.eclipse.debug.core.sourcelookup.containers.ExternalArchiveSourceContainer::searchRoots @ 103 (420 bytes)

VM state:synchronizing (normal execution)

VM Mutex/Monitor currently owned by a thread:  ([mutex/lock_event])
[0x00007f8ce4c05da0] Safepoint_lock - owner thread: 0x00007f8ce8812800
[0x00007f8ce4c05e20] Threads_lock - owner thread: 0x00007f8ce8812800

Heap address: 0x00000007c0000000, size: 1024 MB, Compressed Oops mode: Zero based, Oop shift amount: 3
Narrow klass base: 0x0000000800000000, Narrow klass shift: 0
Compressed class space size: 1073741824 Address: 0x0000000800000000

Heap:
 PSYoungGen      total 5632K, used 4859K [0x00000007eab00000, 0x00000007eb180000, 0x0000000800000000)
  eden space 5120K, 89% used [0x00000007eab00000,0x00000007eaf7ece8,0x00000007eb000000)
  from space 512K, 50% used [0x00000007eb080000,0x00000007eb0c0000,0x00000007eb100000)
  to   space 512K, 0% used [0x00000007eb100000,0x00000007eb100000,0x00000007eb180000)
 ParOldGen       total 289280K, used 261085K [0x00000007c0000000, 0x00000007d1a80000, 0x00000007eab00000)
  object space 289280K, 90% used [0x00000007c0000000,0x00000007cfef7470,0x00000007d1a80000)
 Metaspace       used 95591K, capacity 100125K, committed 100696K, reserved 1140736K
  class space    used 8673K, capacity 10196K, committed 10368K, reserved 1048576K

Card table byte_map: [0x000000010033a000,0x000000010053b000] _byte_map_base: 0x00000000fc53a000

Marking Bits: (ParMarkBitMap*) 0x000000010718e500
 Begin Bits: [0x00000001075c4000, 0x00000001085c4000)
 End Bits:   [0x00000001085c4000, 0x00000001095c4000)

Polling page: 0x00000001000f3000

Metaspace:

Usage:
  Non-class:     87.82 MB capacity,    84.88 MB ( 97%) used,     2.73 MB (  3%) free+waste,   218.50 KB ( <1%) overhead. 
      Class:      9.96 MB capacity,     8.47 MB ( 85%) used,     1.40 MB ( 14%) free+waste,    90.19 KB ( <1%) overhead. 
       Both:     97.78 MB capacity,    93.35 MB ( 95%) used,     4.13 MB (  4%) free+waste,   308.69 KB ( <1%) overhead. 

Virtual space:
  Non-class space:       90.00 MB reserved,      88.21 MB ( 98%) committed 
      Class space:        1.00 GB reserved,      10.12 MB ( <1%) committed 
             Both:        1.09 GB reserved,      98.34 MB (  9%) committed 

Chunk freelists:
   Non-Class:  43.88 KB
       Class:  9.50 KB
        Both:  53.38 KB

CodeHeap 'non-profiled nmethods': size=120032Kb used=21393Kb max_used=21393Kb free=98638Kb
 bounds [0x000000011cdb8000, 0x000000011e2a8000, 0x00000001242f0000]
CodeHeap 'profiled nmethods': size=120028Kb used=47286Kb max_used=47286Kb free=72741Kb
 bounds [0x0000000115881000, 0x0000000118721000, 0x000000011cdb8000]
CodeHeap 'non-nmethods': size=5700Kb used=1346Kb max_used=1416Kb free=4353Kb
 bounds [0x00000001152f0000, 0x0000000115560000, 0x0000000115881000]
 total_blobs=20191 nmethods=19428 adapters=672
 compilation: enabled
              stopped_count=0, restarted_count=0
 full_count=0

Compilation events (10 events):
Event: 11384.098 Thread 0x00007f8ce3818000 nmethod 27457 0x0000000117ba5090 code [0x0000000117ba5240, 0x0000000117ba5470]
Event: 11384.098 Thread 0x00007f8ce3818000 27456       3       org.eclipse.debug.core.sourcelookup.containers.AbstractSourceContainer::<init> (5 bytes)
Event: 11384.098 Thread 0x00007f8ce3818000 nmethod 27456 0x0000000117caf110 code [0x0000000117caf2c0, 0x0000000117caf4d0]
Event: 11384.098 Thread 0x00007f8ce3818000 27452       1       org.eclipse.jdt.launching.AbstractVMInstallType::getId (5 bytes)
Event: 11384.098 Thread 0x00007f8ce3818000 nmethod 27452 0x000000011e2a5a90 code [0x000000011e2a5c20, 0x000000011e2a5d30]
Event: 11384.106 Thread 0x00007f8ce3818000 27458 %s!   3       org.eclipse.debug.core.sourcelookup.containers.ExternalArchiveSourceContainer::searchRoots @ 103 (420 bytes)
Event: 11384.121 Thread 0x00007f8ce3818000 nmethod 27458% 0x0000000118716190 code [0x00000001187168a0, 0x000000011871aea8]
Event: 11384.121 Thread 0x00007f8ce980f800 27459 %s!   4       org.eclipse.debug.core.sourcelookup.containers.ExternalArchiveSourceContainer::searchRoots @ 103 (420 bytes)
Event: 11384.136 Thread 0x00007f8ce3818000 27460       3       org.eclipse.jdt.internal.core.PackageFragment::exists (25 bytes)
Event: 11384.137 Thread 0x00007f8ce3818000 nmethod 27460 0x0000000118109610 code [0x00000001181097e0, 0x0000000118109a98]

GC Heap History (10 events):
Event: 11381.089 GC heap before
{Heap before GC invocations=6122 (full 83):
 PSYoungGen      total 4096K, used 3648K [0x00000007eab00000, 0x00000007eb180000, 0x0000000800000000)
  eden space 2048K, 100% used [0x00000007eab00000,0x00000007ead00000,0x00000007ead00000)
  from space 2048K, 78% used [0x00000007eaf80000,0x00000007eb110000,0x00000007eb180000)
  to   space 2048K, 0% used [0x00000007ead80000,0x00000007ead80000,0x00000007eaf80000)
 ParOldGen       total 289280K, used 256940K [0x00000007c0000000, 0x00000007d1a80000, 0x00000007eab00000)
  object space 289280K, 88% used [0x00000007c0000000,0x00000007cfaeb350,0x00000007d1a80000)
 Metaspace       used 95582K, capacity 100125K, committed 100696K, reserved 1140736K
  class space    used 8673K, capacity 10196K, committed 10368K, reserved 1048576K
}
Event: 11381.094 GC heap after
{Heap after GC invocations=6122 (full 83):
 PSYoungGen      total 4608K, used 2048K [0x00000007eab00000, 0x00000007eb580000, 0x0000000800000000)
  eden space 2560K, 0% used [0x00000007eab00000,0x00000007eab00000,0x00000007ead80000)
  from space 2048K, 100% used [0x00000007ead80000,0x00000007eaf80000,0x00000007eaf80000)
  to   space 4096K, 0% used [0x00000007eb180000,0x00000007eb180000,0x00000007eb580000)
 ParOldGen       total 289280K, used 258500K [0x00000007c0000000, 0x00000007d1a80000, 0x00000007eab00000)
  object space 289280K, 89% used [0x00000007c0000000,0x00000007cfc71350,0x00000007d1a80000)
 Metaspace       used 95582K, capacity 100125K, committed 100696K, reserved 1140736K
  class space    used 8673K, capacity 10196K, committed 10368K, reserved 1048576K
}
Event: 11381.875 GC heap before
{Heap before GC invocations=6123 (full 83):
 PSYoungGen      total 4608K, used 4608K [0x00000007eab00000, 0x00000007eb580000, 0x0000000800000000)
  eden space 2560K, 100% used [0x00000007eab00000,0x00000007ead80000,0x00000007ead80000)
  from space 2048K, 100% used [0x00000007ead80000,0x00000007eaf80000,0x00000007eaf80000)
  to   space 4096K, 0% used [0x00000007eb180000,0x00000007eb180000,0x00000007eb580000)
 ParOldGen       total 289280K, used 258500K [0x00000007c0000000, 0x00000007d1a80000, 0x00000007eab00000)
  object space 289280K, 89% used [0x00000007c0000000,0x00000007cfc71350,0x00000007d1a80000)
 Metaspace       used 95582K, capacity 100125K, committed 100696K, reserved 1140736K
  class space    used 8673K, capacity 10196K, committed 10368K, reserved 1048576K
}
Event: 11381.878 GC heap after
{Heap after GC invocations=6123 (full 83):
 PSYoungGen      total 3584K, used 352K [0x00000007eab00000, 0x00000007eb200000, 0x0000000800000000)
  eden space 3072K, 0% used [0x00000007eab00000,0x00000007eab00000,0x00000007eae00000)
  from space 512K, 68% used [0x00000007eb180000,0x00000007eb1d8000,0x00000007eb200000)
  to   space 2048K, 0% used [0x00000007eae00000,0x00000007eae00000,0x00000007eb000000)
 ParOldGen       total 289280K, used 260516K [0x00000007c0000000, 0x00000007d1a80000, 0x00000007eab00000)
  object space 289280K, 90% used [0x00000007c0000000,0x00000007cfe69350,0x00000007d1a80000)
 Metaspace       used 95582K, capacity 100125K, committed 100696K, reserved 1140736K
  class space    used 8673K, capacity 10196K, committed 10368K, reserved 1048576K
}
Event: 11384.090 GC heap before
{Heap before GC invocations=6124 (full 83):
 PSYoungGen      total 3584K, used 3424K [0x00000007eab00000, 0x00000007eb200000, 0x0000000800000000)
  eden space 3072K, 100% used [0x00000007eab00000,0x00000007eae00000,0x00000007eae00000)
  from space 512K, 68% used [0x00000007eb180000,0x00000007eb1d8000,0x00000007eb200000)
  to   space 2048K, 0% used [0x00000007eae00000,0x00000007eae00000,0x00000007eb000000)
 ParOldGen       total 289280K, used 260516K [0x00000007c0000000, 0x00000007d1a80000, 0x00000007eab00000)
  object space 289280K, 90% used [0x00000007c0000000,0x00000007cfe69350,0x00000007d1a80000)
 Metaspace       used 95587K, capacity 100125K, committed 100696K, reserved 1140736K
  class space    used 8673K, capacity 10196K, committed 10368K, reserved 1048576K
}
Event: 11384.094 GC heap after
{Heap after GC invocations=6124 (full 83):
 PSYoungGen      total 5120K, used 400K [0x00000007eab00000, 0x00000007eb200000, 0x0000000800000000)
  eden space 3072K, 0% used [0x00000007eab00000,0x00000007eab00000,0x00000007eae00000)
  from space 2048K, 19% used [0x00000007eae00000,0x00000007eae64040,0x00000007eb000000)
  to   space 1024K, 0% used [0x00000007eb100000,0x00000007eb100000,0x00000007eb200000)
 ParOldGen       total 289280K, used 260644K [0x00000007c0000000, 0x00000007d1a80000, 0x00000007eab00000)
  object space 289280K, 90% used [0x00000007c0000000,0x00000007cfe89360,0x00000007d1a80000)
 Metaspace       used 95587K, capacity 100125K, committed 100696K, reserved 1140736K
  class space    used 8673K, capacity 10196K, committed 10368K, reserved 1048576K
}
Event: 11384.109 GC heap before
{Heap before GC invocations=6125 (full 83):
 PSYoungGen      total 5120K, used 3472K [0x00000007eab00000, 0x00000007eb200000, 0x0000000800000000)
  eden space 3072K, 100% used [0x00000007eab00000,0x00000007eae00000,0x00000007eae00000)
  from space 2048K, 19% used [0x00000007eae00000,0x00000007eae64040,0x00000007eb000000)
  to   space 1024K, 0% used [0x00000007eb100000,0x00000007eb100000,0x00000007eb200000)
 ParOldGen       total 289280K, used 260644K [0x00000007c0000000, 0x00000007d1a80000, 0x00000007eab00000)
  object space 289280K, 90% used [0x00000007c0000000,0x00000007cfe89360,0x00000007d1a80000)
 Metaspace       used 95591K, capacity 100125K, committed 100696K, reserved 1140736K
  class space    used 8673K, capacity 10196K, committed 10368K, reserved 1048576K
}
Event: 11384.116 GC heap after
{Heap after GC invocations=6125 (full 83):
 PSYoungGen      total 4608K, used 160K [0x00000007eab00000, 0x00000007eb180000, 0x0000000800000000)
  eden space 4096K, 0% used [0x00000007eab00000,0x00000007eab00000,0x00000007eaf00000)
  from space 512K, 31% used [0x00000007eb100000,0x00000007eb128000,0x00000007eb180000)
  to   space 512K, 0% used [0x00000007eb080000,0x00000007eb080000,0x00000007eb100000)
 ParOldGen       total 289280K, used 260997K [0x00000007c0000000, 0x00000007d1a80000, 0x00000007eab00000)
  object space 289280K, 90% used [0x00000007c0000000,0x00000007cfee1470,0x00000007d1a80000)
 Metaspace       used 95591K, capacity 100125K, committed 100696K, reserved 1140736K
  class space    used 8673K, capacity 10196K, committed 10368K, reserved 1048576K
}
Event: 11384.124 GC heap before
{Heap before GC invocations=6126 (full 83):
 PSYoungGen      total 4608K, used 4256K [0x00000007eab00000, 0x00000007eb180000, 0x0000000800000000)
  eden space 4096K, 100% used [0x00000007eab00000,0x00000007eaf00000,0x00000007eaf00000)
  from space 512K, 31% used [0x00000007eb100000,0x00000007eb128000,0x00000007eb180000)
  to   space 512K, 0% used [0x00000007eb080000,0x00000007eb080000,0x00000007eb100000)
 ParOldGen       total 289280K, used 260997K [0x00000007c0000000, 0x00000007d1a80000, 0x00000007eab00000)
  object space 289280K, 90% used [0x00000007c0000000,0x00000007cfee1470,0x00000007d1a80000)
 Metaspace       used 95591K, capacity 100125K, committed 100696K, reserved 1140736K
  class space    used 8673K, capacity 10196K, committed 10368K, reserved 1048576K
}
Event: 11384.127 GC heap after
{Heap after GC invocations=6126 (full 83):
 PSYoungGen      total 5632K, used 256K [0x00000007eab00000, 0x00000007eb180000, 0x0000000800000000)
  eden space 5120K, 0% used [0x00000007eab00000,0x00000007eab00000,0x00000007eb000000)
  from space 512K, 50% used [0x00000007eb080000,0x00000007eb0c0000,0x00000007eb100000)
  to   space 512K, 0% used [0x00000007eb100000,0x00000007eb100000,0x00000007eb180000)
 ParOldGen       total 289280K, used 261085K [0x00000007c0000000, 0x00000007d1a80000, 0x00000007eab00000)
  object space 289280K, 90% used [0x00000007c0000000,0x00000007cfef7470,0x00000007d1a80000)
 Metaspace       used 95591K, capacity 100125K, committed 100696K, reserved 1140736K
  class space    used 8673K, capacity 10196K, committed 10368K, reserved 1048576K
}

Deoptimization events (10 events):
Event: 11364.635 Thread 0x00007f8cedeee000 Uncommon trap: reason=unstable_if action=reinterpret pc=0x000000011d754b10 method=org.eclipse.jdt.internal.core.search.matching.JavaSearchPattern.matchDifferentTypeSuffixes(II)Z @ 1 c2
Event: 11364.639 Thread 0x00007f8ce416d000 Uncommon trap: reason=unstable_if action=reinterpret pc=0x000000011d754b10 method=org.eclipse.jdt.internal.core.search.matching.JavaSearchPattern.matchDifferentTypeSuffixes(II)Z @ 1 c2
Event: 11364.670 Thread 0x00007f8ce51be800 Uncommon trap: reason=unstable_if action=reinterpret pc=0x000000011d9eac80 method=org.eclipse.jdt.internal.codeassist.CompletionEngine.computeRelevanceForException([C)I @ 4 c2
Event: 11364.671 Thread 0x00007f8ce51be800 Uncommon trap: reason=unstable_if action=reinterpret pc=0x000000011d24b9e4 method=org.eclipse.jdt.core.compiler.CharOperation.match([CII[CIIZ)Z @ 204 c2
Event: 11364.671 Thread 0x00007f8ce51be800 Uncommon trap: reason=unstable_if action=reinterpret pc=0x000000011dc32310 method=org.eclipse.jdt.internal.codeassist.CompletionEngine.computeRelevanceForException([C)I @ 4 c2
Event: 11369.743 Thread 0x00007f8cefff5000 Uncommon trap: reason=bimorphic_or_optimized_type_check action=maybe_recompile pc=0x000000011da1abf0 method=org.eclipse.jdt.internal.compiler.util.HashtableOfObjectToIntArray.put(Ljava/lang/Object;[I)[I @ 7 c2
Event: 11369.744 Thread 0x00007f8ce51be800 Uncommon trap: reason=bimorphic_or_optimized_type_check action=maybe_recompile pc=0x000000011da1abf0 method=org.eclipse.jdt.internal.compiler.util.HashtableOfObjectToIntArray.put(Ljava/lang/Object;[I)[I @ 7 c2
Event: 11371.173 Thread 0x00007f8ceec0a000 Uncommon trap: reason=array_check action=maybe_recompile pc=0x000000011e0ed790 method=java.util.TimSort.mergeHi(IIII)V @ 101 c2
Event: 11371.174 Thread 0x00007f8ceec0a000 Uncommon trap: reason=profile_predicate action=maybe_recompile pc=0x000000011e16dad0 method=org.eclipse.jdt.internal.compiler.lookup.BinaryTypeBinding.getExactMethod([C[Lorg/eclipse/jdt/internal/compiler/lookup/TypeBinding;Lorg/eclipse/jdt/internal/compil
Event: 11378.599 Thread 0x00007f8ceec0a000 Uncommon trap: reason=intrinsic_or_type_checked_inlining action=make_not_entrant pc=0x000000011e2a25ac method=org.eclipse.jdt.internal.compiler.parser.Parser.consumeReduceImports()V @ 55 c2

Classes redefined (0 events):
No events

Internal exceptions (10 events):
Event: 11381.899 Thread 0x00007f8ceec0a000 Exception <a 'java/lang/NullPointerException'{0x00000007eac42f10}> (0x00000007eac42f10) thrown at [./open/src/hotspot/share/runtime/sharedRuntime.cpp, line 584]
Event: 11381.899 Thread 0x00007f8ceec0a000 Implicit null exception at 0x0000000116d80dff to 0x0000000116d86132
Event: 11381.899 Thread 0x00007f8ceec0a000 Exception <a 'java/lang/NullPointerException'{0x00000007eac43498}> (0x00000007eac43498) thrown at [./open/src/hotspot/share/runtime/sharedRuntime.cpp, line 584]
Event: 11384.105 Thread 0x00007f8ce9aed000 Exception <a 'sun/nio/fs/UnixException'{0x00000007eac66db8}> (0x00000007eac66db8) thrown at [./open/src/hotspot/share/prims/jni.cpp, line 611]
Event: 11384.133 Thread 0x00007f8ce9aed000 Exception <a 'sun/nio/fs/UnixException'{0x00000007eae16160}> (0x00000007eae16160) thrown at [./open/src/hotspot/share/prims/jni.cpp, line 611]
Event: 11384.133 Thread 0x00007f8ce9aed000 Exception <a 'sun/nio/fs/UnixException'{0x00000007eae17698}> (0x00000007eae17698) thrown at [./open/src/hotspot/share/prims/jni.cpp, line 611]
Event: 11384.134 Thread 0x00007f8ce9aed000 Exception <a 'sun/nio/fs/UnixException'{0x00000007eae29e58}> (0x00000007eae29e58) thrown at [./open/src/hotspot/share/prims/jni.cpp, line 611]
Event: 11384.136 Thread 0x00007f8ce9aed000 Exception <a 'sun/nio/fs/UnixException'{0x00000007eaf14f98}> (0x00000007eaf14f98) thrown at [./open/src/hotspot/share/prims/jni.cpp, line 611]
Event: 11384.136 Thread 0x00007f8ce9aed000 Exception <a 'sun/nio/fs/UnixException'{0x00000007eaf16668}> (0x00000007eaf16668) thrown at [./open/src/hotspot/share/prims/jni.cpp, line 611]
Event: 11384.136 Thread 0x00007f8ce9aed000 Exception <a 'sun/nio/fs/UnixException'{0x00000007eaf1ea20}> (0x00000007eaf1ea20) thrown at [./open/src/hotspot/share/prims/jni.cpp, line 611]

Events (10 events):
Event: 11384.130 Executing VM operation: RevokeBias
Event: 11384.130 Executing VM operation: RevokeBias done
Event: 11384.131 Thread 0x00007f8ce9aed000 DEOPT PACKING pc=0x00000001185a947a sp=0x000070000b7bd550
Event: 11384.131 Thread 0x00007f8ce9aed000 DEOPT UNPACKING pc=0x000000011531813a sp=0x000070000b7bcbb0 mode 0
Event: 11384.132 Thread 0x00007f8ce9aed000 DEOPT PACKING pc=0x000000011871a4f8 sp=0x000070000b7bd540
Event: 11384.132 Thread 0x00007f8ce9aed000 DEOPT UNPACKING pc=0x000000011531813a sp=0x000070000b7bcbb0 mode 0
Event: 11384.132 Executing VM operation: RevokeBias
Event: 11384.133 Executing VM operation: RevokeBias done
Event: 11384.133 Executing VM operation: RevokeBias
Event: 11384.133 Executing VM operation: RevokeBias done


Dynamic libraries:
0x00007fff34ff9000 	/System/Library/Frameworks/Cocoa.framework/Versions/A/Cocoa
0x00007fff2236e000 	/System/Library/Frameworks/Security.framework/Versions/A/Security
0x00007fff33206000 	/System/Library/Frameworks/ApplicationServices.framework/Versions/A/ApplicationServices
0x00007fff2a5eb000 	/usr/lib/libz.1.dylib
0x0000000100076000 	/Library/Java/JavaVirtualMachines/jdk-11.0.8.jdk/Contents/Home/lib/jli/libjli.dylib
0x00007fff2a6b3000 	/usr/lib/libSystem.B.dylib
0x00007fff22d9c000 	/System/Library/Frameworks/AppKit.framework/Versions/C/AppKit
0x00007fff25c5b000 	/System/Library/Frameworks/CoreData.framework/Versions/A/CoreData
0x00007fff21307000 	/System/Library/Frameworks/Foundation.framework/Versions/C/Foundation
0x00007fff23ae5000 	/System/Library/PrivateFrameworks/UIFoundation.framework/Versions/A/UIFoundation
0x00007fff2fcdc000 	/System/Library/PrivateFrameworks/RemoteViewServices.framework/Versions/A/RemoteViewServices
0x00007fff28af7000 	/System/Library/PrivateFrameworks/XCTTargetBootstrap.framework/Versions/A/XCTTargetBootstrap
0x00007fff2b7dc000 	/usr/lib/libspindump.dylib
0x00007fff23d34000 	/System/Library/Frameworks/UniformTypeIdentifiers.framework/Versions/A/UniformTypeIdentifiers
0x00007fff272f7000 	/usr/lib/libapp_launch_measurement.dylib
0x00007fff272fa000 	/System/Library/PrivateFrameworks/CoreAutoLayout.framework/Versions/A/CoreAutoLayout
0x00007fff2845a000 	/System/Library/Frameworks/Metal.framework/Versions/A/Metal
0x00007fff29154000 	/usr/lib/liblangid.dylib
0x00007fff28afb000 	/System/Library/PrivateFrameworks/CoreSVG.framework/Versions/A/CoreSVG
0x00007fff24d73000 	/System/Library/PrivateFrameworks/SkyLight.framework/Versions/A/SkyLight
0x00007fff250d8000 	/System/Library/Frameworks/CoreGraphics.framework/Versions/A/CoreGraphics
0x00007fff30203000 	/System/Library/Frameworks/Accelerate.framework/Versions/A/Accelerate
0x00007fff2b21a000 	/System/Library/PrivateFrameworks/IconServices.framework/Versions/A/IconServices
0x00007fff2843e000 	/System/Library/Frameworks/IOSurface.framework/Versions/A/IOSurface
0x00007fff265e3000 	/usr/lib/libDiagnosticMessagesClient.dylib
0x00007fff28ae3000 	/System/Library/PrivateFrameworks/DFRFoundation.framework/Versions/A/DFRFoundation
0x00007fff226c3000 	/usr/lib/libicucore.A.dylib
0x00007fff2cd23000 	/System/Library/Frameworks/AudioToolbox.framework/Versions/A/AudioToolbox
0x00007fff2bfad000 	/System/Library/PrivateFrameworks/DataDetectorsCore.framework/Versions/A/DataDetectorsCore
0x00007fff24ce7000 	/usr/lib/libMobileGestalt.dylib
0x00007fff287e7000 	/System/Library/Frameworks/Carbon.framework/Versions/A/Frameworks/HIToolbox.framework/Versions/A/HIToolbox
0x00007fff26d3d000 	/System/Library/Frameworks/QuartzCore.framework/Versions/A/QuartzCore
0x00007fff2fd14000 	/System/Library/Frameworks/Carbon.framework/Versions/A/Frameworks/SpeechRecognition.framework/Versions/A/SpeechRecognition
0x00007fff2705c000 	/System/Library/PrivateFrameworks/CoreUI.framework/Versions/A/CoreUI
0x00007fff21cdd000 	/System/Library/Frameworks/CoreAudio.framework/Versions/A/CoreAudio
0x00007fff266ce000 	/System/Library/Frameworks/DiskArbitration.framework/Versions/A/DiskArbitration
0x00007fff2bbaa000 	/System/Library/PrivateFrameworks/MultitouchSupport.framework/Versions/A/MultitouchSupport
0x00007fff2bfa4000 	/System/Library/PrivateFrameworks/InternationalSupport.framework/Versions/A/InternationalSupport
0x00007fff24ce6000 	/usr/lib/libenergytrace.dylib
0x00007fff22c93000 	/System/Library/Frameworks/IOKit.framework/Versions/A/IOKit
0x00007fff30047000 	/System/Library/Frameworks/CoreServices.framework/Versions/A/CoreServices
0x00007fff27289000 	/System/Library/PrivateFrameworks/PerformanceAnalysis.framework/Versions/A/PerformanceAnalysis
0x00007fff6bafb000 	/System/Library/Frameworks/OpenGL.framework/Versions/A/OpenGL
0x00007fff2c028000 	/System/Library/PrivateFrameworks/UserActivity.framework/Versions/A/UserActivity
0x00007fff2037a000 	/usr/lib/libobjc.A.dylib
0x00007fff25762000 	/System/Library/Frameworks/ColorSync.framework/Versions/A/ColorSync
0x00007fff2055a000 	/System/Library/Frameworks/CoreFoundation.framework/Versions/A/CoreFoundation
0x00007fff28d62000 	/System/Library/Frameworks/CoreImage.framework/Versions/A/CoreImage
0x00007fff21af7000 	/System/Library/Frameworks/CoreText.framework/Versions/A/CoreText
0x00007fff28b25000 	/System/Library/Frameworks/ImageIO.framework/Versions/A/ImageIO
0x00007fff2a6b9000 	/System/Library/PrivateFrameworks/SoftLinking.framework/Versions/A/SoftLinking
0x00007fff27342000 	/usr/lib/libxml2.2.dylib
0x00007fff20440000 	/usr/lib/libc++.1.dylib
0x00007fff2a92a000 	/usr/lib/libcompression.dylib
0x00007fff2bed6000 	/System/Library/PrivateFrameworks/TextureIO.framework/Versions/A/TextureIO
0x00007fff2af59000 	/usr/lib/libate.dylib
0x00007fff2a6ad000 	/usr/lib/system/libcache.dylib
0x00007fff2a669000 	/usr/lib/system/libcommonCrypto.dylib
0x00007fff2a693000 	/usr/lib/system/libcompiler_rt.dylib
0x00007fff2a688000 	/usr/lib/system/libcopyfile.dylib
0x00007fff2026a000 	/usr/lib/system/libcorecrypto.dylib
0x00007fff20335000 	/usr/lib/system/libdispatch.dylib
0x00007fff204e8000 	/usr/lib/system/libdyld.dylib
0x00007fff2a6a4000 	/usr/lib/system/libkeymgr.dylib
0x00007fff2daba000 	/usr/lib/system/liblaunch.dylib
0x00007fff2a647000 	/usr/lib/system/libmacho.dylib
0x00007fff29e3f000 	/usr/lib/system/libquarantine.dylib
0x00007fff2a6a1000 	/usr/lib/system/libremovefile.dylib
0x00007fff24d44000 	/usr/lib/system/libsystem_asl.dylib
0x00007fff2021a000 	/usr/lib/system/libsystem_blocks.dylib
0x00007fff203b7000 	/usr/lib/system/libsystem_c.dylib
0x00007fff2a69b000 	/usr/lib/system/libsystem_collections.dylib
0x00007fff29145000 	/usr/lib/system/libsystem_configuration.dylib
0x00007fff2842d000 	/usr/lib/system/libsystem_containermanager.dylib
0x00007fff2a3ea000 	/usr/lib/system/libsystem_coreservices.dylib
0x00007fff22923000 	/usr/lib/system/libsystem_darwin.dylib
0x00007fff2a6a5000 	/usr/lib/system/libsystem_dnssd.dylib
0x00007fff203b4000 	/usr/lib/system/libsystem_featureflags.dylib
0x00007fff2052e000 	/usr/lib/system/libsystem_info.dylib
0x00007fff2a5fe000 	/usr/lib/system/libsystem_m.dylib
0x00007fff20308000 	/usr/lib/system/libsystem_malloc.dylib
0x00007fff24cd7000 	/usr/lib/system/libsystem_networkextension.dylib
0x00007fff22d42000 	/usr/lib/system/libsystem_notify.dylib
0x00007fff2ff49000 	/usr/lib/system/libsystem_product_info_filter.dylib
0x00007fff29149000 	/usr/lib/system/libsystem_sandbox.dylib
0x00007fff2a69e000 	/usr/lib/system/libsystem_secinit.dylib
0x00007fff204ac000 	/usr/lib/system/libsystem_kernel.dylib
0x00007fff20524000 	/usr/lib/system/libsystem_platform.dylib
0x00007fff204dc000 	/usr/lib/system/libsystem_pthread.dylib
0x00007fff2641f000 	/usr/lib/system/libsystem_symptoms.dylib
0x00007fff20252000 	/usr/lib/system/libsystem_trace.dylib
0x00007fff2a675000 	/usr/lib/system/libunwind.dylib
0x00007fff2021c000 	/usr/lib/system/libxpc.dylib
0x00007fff20496000 	/usr/lib/libc++abi.dylib
0x00007fff2a680000 	/usr/lib/liboah.dylib
0x00007fff2ad3e000 	/usr/lib/liblzma.5.dylib
0x00007fff2101b000 	/System/Library/Frameworks/SystemConfiguration.framework/Versions/A/SystemConfiguration
0x00007fff2a6b5000 	/usr/lib/libfakelink.dylib
0x00007fff24838000 	/System/Library/Frameworks/CFNetwork.framework/Versions/A/CFNetwork
0x00007fff2a7f5000 	/usr/lib/libarchive.2.dylib
0x00007fff21099000 	/usr/lib/libCRFSuite.dylib
0x00007fff29e66000 	/usr/lib/libbsm.0.dylib
0x00007fff241b1000 	/usr/lib/libnetwork.dylib
0x00007fff2a6ba000 	/usr/lib/libpcap.A.dylib
0x00007fff26418000 	/usr/lib/libdns_services.dylib
0x00007fff2ad57000 	/usr/lib/libcoretls_cfhelpers.dylib
0x00007fff2a8f4000 	/usr/lib/libapple_nghttp2.dylib
0x00007fff2a64d000 	/usr/lib/system/libkxld.dylib
0x00007fff26091000 	/usr/lib/libsqlite3.dylib
0x00007fff2a3cd000 	/System/Library/PrivateFrameworks/AppleFSCompression.framework/Versions/A/AppleFSCompression
0x00007fff29e4e000 	/usr/lib/libcoretls.dylib
0x00007fff2a925000 	/usr/lib/libpam.2.dylib
0x00007fff2ae55000 	/usr/lib/libxar.1.dylib
0x00007fff29150000 	/System/Library/PrivateFrameworks/AppleSystemInfo.framework/Versions/A/AppleSystemInfo
0x00007fff29a90000 	/System/Library/PrivateFrameworks/IOMobileFramebuffer.framework/Versions/A/IOMobileFramebuffer
0x00007fff2a3dd000 	/usr/lib/libbz2.1.0.dylib
0x00007fff2a6f2000 	/usr/lib/libiconv.2.dylib
0x00007fff2a646000 	/usr/lib/libcharset.1.dylib
0x00007fff272c5000 	/System/Library/Frameworks/CoreServices.framework/Versions/A/Frameworks/FSEvents.framework/Versions/A/FSEvents
0x00007fff2292d000 	/System/Library/Frameworks/CoreServices.framework/Versions/A/Frameworks/CarbonCore.framework/Versions/A/CarbonCore
0x00007fff26633000 	/System/Library/Frameworks/CoreServices.framework/Versions/A/Frameworks/Metadata.framework/Versions/A/Metadata
0x00007fff2a3ef000 	/System/Library/Frameworks/CoreServices.framework/Versions/A/Frameworks/OSServices.framework/Versions/A/OSServices
0x00007fff2a867000 	/System/Library/Frameworks/CoreServices.framework/Versions/A/Frameworks/SearchKit.framework/Versions/A/SearchKit
0x00007fff263a3000 	/System/Library/Frameworks/CoreServices.framework/Versions/A/Frameworks/AE.framework/Versions/A/AE
0x00007fff209f8000 	/System/Library/Frameworks/CoreServices.framework/Versions/A/Frameworks/LaunchServices.framework/Versions/A/LaunchServices
0x00007fff2acee000 	/System/Library/Frameworks/CoreServices.framework/Versions/A/Frameworks/DictionaryServices.framework/Versions/A/DictionaryServices
0x00007fff272d2000 	/System/Library/Frameworks/CoreServices.framework/Versions/A/Frameworks/SharedFileList.framework/Versions/A/SharedFileList
0x00007fff29e42000 	/usr/lib/libCheckFix.dylib
0x00007fff24d5b000 	/System/Library/PrivateFrameworks/TCC.framework/Versions/A/TCC
0x00007fff29156000 	/System/Library/PrivateFrameworks/CoreNLP.framework/Versions/A/CoreNLP
0x00007fff265e6000 	/System/Library/PrivateFrameworks/MetadataUtilities.framework/Versions/A/MetadataUtilities
0x00007fff210ce000 	/usr/lib/libmecabra.dylib
0x00007fff2a14c000 	/System/Library/Frameworks/MLCompute.framework/Versions/A/MLCompute
0x00007fff29e77000 	/usr/lib/libmecab.dylib
0x00007fff29ec1000 	/usr/lib/libgermantok.dylib
0x00007fff2a8cf000 	/usr/lib/libThaiTokenizer.dylib
0x00007fff2ae90000 	/usr/lib/libChineseTokenizer.dylib
0x00007fff2a923000 	/System/Library/Frameworks/MetalPerformanceShaders.framework/Versions/A/MetalPerformanceShaders
0x00007fff266d5000 	/System/Library/Frameworks/Accelerate.framework/Versions/A/Frameworks/vImage.framework/Versions/A/vImage
0x00007fff30021000 	/System/Library/Frameworks/Accelerate.framework/Versions/A/Frameworks/vecLib.framework/Versions/A/vecLib
0x00007fff2ae9b000 	/System/Library/Frameworks/Accelerate.framework/Versions/A/Frameworks/vecLib.framework/Versions/A/libvMisc.dylib
0x00007fff298ab000 	/System/Library/Frameworks/Accelerate.framework/Versions/A/Frameworks/vecLib.framework/Versions/A/libvDSP.dylib
0x00007fff20d01000 	/System/Library/Frameworks/Accelerate.framework/Versions/A/Frameworks/vecLib.framework/Versions/A/libBLAS.dylib
0x00007fff2a950000 	/System/Library/Frameworks/Accelerate.framework/Versions/A/Frameworks/vecLib.framework/Versions/A/libLAPACK.dylib
0x00007fff29ec7000 	/System/Library/Frameworks/Accelerate.framework/Versions/A/Frameworks/vecLib.framework/Versions/A/libLinearAlgebra.dylib
0x00007fff2a90c000 	/System/Library/Frameworks/Accelerate.framework/Versions/A/Frameworks/vecLib.framework/Versions/A/libSparseBLAS.dylib
0x00007fff2a94a000 	/System/Library/Frameworks/Accelerate.framework/Versions/A/Frameworks/vecLib.framework/Versions/A/libQuadrature.dylib
0x00007fff29202000 	/System/Library/Frameworks/Accelerate.framework/Versions/A/Frameworks/vecLib.framework/Versions/A/libBNNS.dylib
0x00007fff20fac000 	/System/Library/Frameworks/Accelerate.framework/Versions/A/Frameworks/vecLib.framework/Versions/A/libSparse.dylib
0x00007fff290de000 	/System/Library/Frameworks/MetalPerformanceShaders.framework/Versions/A/Frameworks/MPSCore.framework/Versions/A/MPSCore
0x00007fff2a33c000 	/System/Library/Frameworks/MetalPerformanceShaders.framework/Versions/A/Frameworks/MPSImage.framework/Versions/A/MPSImage
0x00007fff29edd000 	/System/Library/Frameworks/MetalPerformanceShaders.framework/Versions/A/Frameworks/MPSNeuralNetwork.framework/Versions/A/MPSNeuralNetwork
0x00007fff2a2ae000 	/System/Library/Frameworks/MetalPerformanceShaders.framework/Versions/A/Frameworks/MPSMatrix.framework/Versions/A/MPSMatrix
0x00007fff2a0fc000 	/System/Library/Frameworks/MetalPerformanceShaders.framework/Versions/A/Frameworks/MPSRayIntersector.framework/Versions/A/MPSRayIntersector
0x00007fff2a2e5000 	/System/Library/Frameworks/MetalPerformanceShaders.framework/Versions/A/Frameworks/MPSNDArray.framework/Versions/A/MPSNDArray
0x00007fff20c2d000 	/System/Library/PrivateFrameworks/MetalTools.framework/Versions/A/MetalTools
0x00007fff2914e000 	/System/Library/PrivateFrameworks/AggregateDictionary.framework/Versions/A/AggregateDictionary
0x00007fff265b3000 	/System/Library/PrivateFrameworks/CoreAnalytics.framework/Versions/A/CoreAnalytics
0x00007fff2a8d1000 	/System/Library/PrivateFrameworks/AppleSauce.framework/Versions/A/AppleSauce
0x00007fff28450000 	/System/Library/PrivateFrameworks/IOAccelerator.framework/Versions/A/IOAccelerator
0x00007fff6baef000 	/System/Library/Frameworks/OpenGL.framework/Versions/A/Libraries/libCoreFSCache.dylib
0x00007fff21666000 	/System/Library/PrivateFrameworks/LanguageModeling.framework/Versions/A/LanguageModeling
0x00007fff29a7e000 	/System/Library/PrivateFrameworks/CoreEmoji.framework/Versions/A/CoreEmoji
0x00007fff291fb000 	/System/Library/PrivateFrameworks/LinguisticData.framework/Versions/A/LinguisticData
0x00007fff20f5e000 	/System/Library/PrivateFrameworks/Lexicon.framework/Versions/A/Lexicon
0x00007fff2a7e3000 	/usr/lib/libcmph.dylib
0x00007fff272a5000 	/System/Library/Frameworks/OpenDirectory.framework/Versions/A/Frameworks/CFOpenDirectory.framework/Versions/A/CFOpenDirectory
0x00007fff27295000 	/System/Library/Frameworks/OpenDirectory.framework/Versions/A/OpenDirectory
0x00007fff2ad59000 	/System/Library/PrivateFrameworks/APFS.framework/Versions/A/APFS
0x00007fff29da4000 	/System/Library/Frameworks/SecurityFoundation.framework/Versions/A/SecurityFoundation
0x00007fff2ae63000 	/usr/lib/libutil.dylib
0x00007fff22c58000 	/System/Library/PrivateFrameworks/CoreServicesStore.framework/Versions/A/CoreServicesStore
0x00007fff29e3a000 	/System/Library/Frameworks/ServiceManagement.framework/Versions/A/ServiceManagement
0x00007fff2ae67000 	/usr/lib/libxslt.1.dylib
0x00007fff29e30000 	/System/Library/PrivateFrameworks/BackgroundTaskManagement.framework/Versions/A/BackgroundTaskManagement
0x00007fff2be20000 	/System/Library/Frameworks/ImageIO.framework/Versions/A/Resources/libRadiance.dylib
0x00007fff2be2a000 	/System/Library/Frameworks/ImageIO.framework/Versions/A/Resources/libJPEG.dylib
0x00007fff2bd74000 	/System/Library/Frameworks/ImageIO.framework/Versions/A/Resources/libPng.dylib
0x00007fff2bd9b000 	/System/Library/Frameworks/ImageIO.framework/Versions/A/Resources/libTIFF.dylib
0x00007fff2be7f000 	/System/Library/Frameworks/ImageIO.framework/Versions/A/Resources/libGIF.dylib
0x00007fff2bac6000 	/System/Library/Frameworks/ImageIO.framework/Versions/A/Resources/libJP2.dylib
0x00007fff2b1e2000 	/usr/lib/libexpat.1.dylib
0x00007fff2ba7c000 	/System/Library/PrivateFrameworks/AppleJPEG.framework/Versions/A/AppleJPEG
0x00007fff28686000 	/System/Library/PrivateFrameworks/FontServices.framework/libFontParser.dylib
0x00007fff2635a000 	/System/Library/PrivateFrameworks/RunningBoardServices.framework/Versions/A/RunningBoardServices
0x00007fff2bba6000 	/System/Library/PrivateFrameworks/WatchdogClient.framework/Versions/A/WatchdogClient
0x00007fff2174f000 	/System/Library/Frameworks/CoreDisplay.framework/Versions/A/CoreDisplay
0x00007fff2859b000 	/System/Library/Frameworks/CoreMedia.framework/Versions/A/CoreMedia
0x00007fff27425000 	/System/Library/Frameworks/CoreVideo.framework/Versions/A/CoreVideo
0x00007fff2bbe1000 	/System/Library/Frameworks/VideoToolbox.framework/Versions/A/VideoToolbox
0x00007fff262da000 	/System/Library/PrivateFrameworks/BaseBoard.framework/Versions/A/BaseBoard
0x00007fff2b326000 	/System/Library/PrivateFrameworks/PersistentConnection.framework/Versions/A/PersistentConnection
0x00007fff2607b000 	/System/Library/PrivateFrameworks/ProtocolBuffer.framework/Versions/A/ProtocolBuffer
0x00007fff262c2000 	/System/Library/PrivateFrameworks/CommonUtilities.framework/Versions/A/CommonUtilities
0x00007fff2ba3f000 	/System/Library/PrivateFrameworks/Bom.framework/Versions/A/Bom
0x00007fff2be18000 	/System/Library/PrivateFrameworks/GPUWrangler.framework/Versions/A/GPUWrangler
0x00007fff2bdfb000 	/System/Library/PrivateFrameworks/IOPresentment.framework/Versions/A/IOPresentment
0x00007fff2be24000 	/System/Library/PrivateFrameworks/DSExternalDisplay.framework/Versions/A/DSExternalDisplay
0x00007fff2be84000 	/System/Library/PrivateFrameworks/CMCaptureCore.framework/Versions/A/CMCaptureCore
0x00007fff2b7c2000 	/System/Library/PrivateFrameworks/AppServerSupport.framework/Versions/A/AppServerSupport
0x00007fff2d85d000 	/System/Library/PrivateFrameworks/perfdata.framework/Versions/A/perfdata
0x00007fff29d93000 	/System/Library/PrivateFrameworks/AssertionServices.framework/Versions/A/AssertionServices
0x00007fff21886000 	/System/Library/PrivateFrameworks/AudioToolboxCore.framework/Versions/A/AudioToolboxCore
0x00007fff2857e000 	/System/Library/PrivateFrameworks/caulk.framework/Versions/A/caulk
0x00007fff3cc95000 	/System/Library/PrivateFrameworks/SystemPolicy.framework/Versions/A/SystemPolicy
0x00007fff2aff1000 	/usr/lib/libIOReport.dylib
0x00007fff2d099000 	/usr/lib/libSMC.dylib
0x00007fff2bd40000 	/usr/lib/libAudioToolboxUtility.dylib
0x00007fff3d5ef000 	/usr/lib/libmis.dylib
0x00007fff6bb4b000 	/System/Library/Frameworks/OpenGL.framework/Versions/A/Libraries/libGLU.dylib
0x00007fff6bb0e000 	/System/Library/Frameworks/OpenGL.framework/Versions/A/Libraries/libGFXShared.dylib
0x00007fff6bd1c000 	/System/Library/Frameworks/OpenGL.framework/Versions/A/Libraries/libGL.dylib
0x00007fff6bb17000 	/System/Library/Frameworks/OpenGL.framework/Versions/A/Libraries/libGLImage.dylib
0x00007fff6bb0b000 	/System/Library/Frameworks/OpenGL.framework/Versions/A/Libraries/libCVMSPluginSupport.dylib
0x00007fff6baf6000 	/System/Library/Frameworks/OpenGL.framework/Versions/A/Libraries/libCoreVMClient.dylib
0x00007fff6d166000 	/System/Library/Frameworks/OpenCL.framework/Versions/A/OpenCL
0x00007fff2b34f000 	/System/Library/PrivateFrameworks/GraphVisualizer.framework/Versions/A/GraphVisualizer
0x00007fff2b35e000 	/System/Library/PrivateFrameworks/FaceCore.framework/Versions/A/FaceCore
0x00007fff2b77a000 	/System/Library/PrivateFrameworks/OTSVG.framework/Versions/A/OTSVG
0x00007fff2701a000 	/System/Library/Frameworks/ApplicationServices.framework/Versions/A/Frameworks/ATS.framework/Versions/A/Resources/libFontRegistry.dylib
0x00007fff2b7c9000 	/System/Library/PrivateFrameworks/FontServices.framework/libhvf.dylib
0x00007fff2b18e000 	/System/Library/PrivateFrameworks/AppleVA.framework/Versions/A/AppleVA
0x00007fff2cee1000 	/System/Library/Frameworks/ApplicationServices.framework/Versions/A/Frameworks/ATS.framework/Versions/A/ATS
0x00007fff2d1f4000 	/System/Library/Frameworks/ApplicationServices.framework/Versions/A/Frameworks/ColorSyncLegacy.framework/Versions/A/ColorSyncLegacy
0x00007fff25859000 	/System/Library/Frameworks/ApplicationServices.framework/Versions/A/Frameworks/HIServices.framework/Versions/A/HIServices
0x00007fff2d1d9000 	/System/Library/Frameworks/ApplicationServices.framework/Versions/A/Frameworks/LangAnalysis.framework/Versions/A/LangAnalysis
0x00007fff2be8e000 	/System/Library/Frameworks/ApplicationServices.framework/Versions/A/Frameworks/PrintCore.framework/Versions/A/PrintCore
0x00007fff2d1fc000 	/System/Library/Frameworks/ApplicationServices.framework/Versions/A/Frameworks/QD.framework/Versions/A/QD
0x00007fff2ced1000 	/System/Library/Frameworks/ApplicationServices.framework/Versions/A/Frameworks/SpeechSynthesis.framework/Versions/A/SpeechSynthesis
0x00007fff2be4f000 	/System/Library/Frameworks/ApplicationServices.framework/Versions/A/Frameworks/ATSUI.framework/Versions/A/ATSUI
0x00007fff2d179000 	/usr/lib/libcups.2.dylib
0x00007fff2d1e9000 	/System/Library/PrivateFrameworks/NetAuth.framework/Versions/A/NetAuth
0x00007fff2d878000 	/System/Library/Frameworks/Kerberos.framework/Versions/A/Kerberos
0x00007fff2d888000 	/System/Library/Frameworks/GSS.framework/Versions/A/GSS
0x00007fff2cf4e000 	/usr/lib/libresolv.9.dylib
0x00007fff2b7df000 	/System/Library/PrivateFrameworks/Heimdal.framework/Versions/A/Heimdal
0x00007fff3351b000 	/System/Library/Frameworks/Kerberos.framework/Versions/A/Libraries/libHeimdalProxy.dylib
0x00007fff26427000 	/System/Library/Frameworks/Network.framework/Versions/A/Network
0x00007fff2b1fb000 	/usr/lib/libheimdal-asn1.dylib
0x00007fff2d8d9000 	/System/Library/PrivateFrameworks/CommonAuth.framework/Versions/A/CommonAuth
0x00007fff27473000 	/System/Library/PrivateFrameworks/login.framework/Versions/A/Frameworks/loginsupport.framework/Versions/A/loginsupport
0x00007fff2ce58000 	/System/Library/PrivateFrameworks/AudioSession.framework/Versions/A/AudioSession
0x00007fff2cebe000 	/usr/lib/libAudioStatistics.dylib
0x00007fff2b287000 	/System/Library/PrivateFrameworks/MediaExperience.framework/Versions/A/MediaExperience
0x00007fff2ccf1000 	/System/Library/PrivateFrameworks/AudioSession.framework/libSessionUtility.dylib
0x00007fff2d869000 	/usr/lib/libperfcheck.dylib
0x00007fff2d208000 	/System/Library/PrivateFrameworks/AudioResourceArbitration.framework/Versions/A/AudioResourceArbitration
0x00007fff2b205000 	/System/Library/PrivateFrameworks/IconFoundation.framework/Versions/A/IconFoundation
0x00007fff2fd04000 	/System/Library/PrivateFrameworks/SpeechRecognitionCore.framework/Versions/A/SpeechRecognitionCore
0x0000000106800000 	/Library/Java/JavaVirtualMachines/jdk-11.0.8.jdk/Contents/Home/lib/server/libjvm.dylib
0x00000001000aa000 	/Library/Java/JavaVirtualMachines/jdk-11.0.8.jdk/Contents/Home/lib/libverify.dylib
0x00000001000ba000 	/Library/Java/JavaVirtualMachines/jdk-11.0.8.jdk/Contents/Home/lib/libjava.dylib
0x00000001000e7000 	/Library/Java/JavaVirtualMachines/jdk-11.0.8.jdk/Contents/Home/lib/libjimage.dylib
0x00000001000f5000 	/Library/Java/JavaVirtualMachines/jdk-11.0.8.jdk/Contents/Home/lib/libinstrument.dylib
0x000000010014c000 	/Library/Java/JavaVirtualMachines/jdk-11.0.8.jdk/Contents/Home/lib/libzip.dylib
0x00000001006b6000 	/Library/Java/JavaVirtualMachines/jdk-11.0.8.jdk/Contents/Home/lib/libnio.dylib
0x00000001006c8000 	/Library/Java/JavaVirtualMachines/jdk-11.0.8.jdk/Contents/Home/lib/libnet.dylib
0x00000001006e2000 	/Users/vinod/Library/Application Support/Code/User/globalStorage/redhat.java/0.79.2/config_mac/org.eclipse.equinox.launcher/org.eclipse.equinox.launcher.cocoa.macosx.x86_64_1.2.200.v20210406-1409/eclipse_11403.so
0x00007fff22c19000 	/System/Library/PrivateFrameworks/CoreServicesInternal.framework/Versions/A/CoreServicesInternal
0x00007fff3108b000 	/System/Library/Frameworks/FileProvider.framework/Versions/A/FileProvider
0x00007fff26245000 	/System/Library/Frameworks/Accounts.framework/Versions/A/Accounts
0x00007fff311db000 	/System/Library/PrivateFrameworks/GenerationalStorage.framework/Versions/A/GenerationalStorage
0x00007fff31b75000 	/System/Library/PrivateFrameworks/CoreSymbolication.framework/Versions/A/CoreSymbolication
0x00007fff30aab000 	/System/Library/PrivateFrameworks/SymptomDiagnosticReporter.framework/Versions/A/SymptomDiagnosticReporter
0x00007fff23d47000 	/System/Library/PrivateFrameworks/DesktopServicesPriv.framework/Versions/A/DesktopServicesPriv
0x00007fff22d4e000 	/usr/lib/libsandbox.1.dylib
0x00007fff2749e000 	/System/Library/PrivateFrameworks/UserManagement.framework/Versions/A/UserManagement
0x00007fff29d70000 	/System/Library/PrivateFrameworks/MobileKeyBag.framework/Versions/A/MobileKeyBag
0x00007fff3459d000 	/System/Library/PrivateFrameworks/ChunkingLibrary.framework/Versions/A/ChunkingLibrary
0x00007fff31b39000 	/System/Library/PrivateFrameworks/DebugSymbols.framework/Versions/A/DebugSymbols
0x00007fff2e29c000 	/System/Library/PrivateFrameworks/Sharing.framework/Versions/A/Sharing
0x00007fff32b1d000 	/System/Library/PrivateFrameworks/Apple80211.framework/Versions/A/Apple80211
0x00007fff2a41d000 	/System/Library/PrivateFrameworks/AuthKit.framework/Versions/A/AuthKit
0x00007fff29b6e000 	/System/Library/PrivateFrameworks/CoreUtils.framework/Versions/A/CoreUtils
0x00007fff29a9b000 	/System/Library/Frameworks/CoreWLAN.framework/Versions/A/CoreWLAN
0x00007fff2e3e8000 	/System/Library/Frameworks/IOBluetooth.framework/Versions/A/IOBluetooth
0x00007fff32b81000 	/System/Library/PrivateFrameworks/CoreWiFi.framework/Versions/A/CoreWiFi
0x00007fff2d95f000 	/System/Library/PrivateFrameworks/CorePhoneNumbers.framework/Versions/A/CorePhoneNumbers
0x00007fff30bb2000 	/System/Library/PrivateFrameworks/DiskManagement.framework/Versions/A/DiskManagement
0x00007fff30ac8000 	/System/Library/PrivateFrameworks/AppleIDAuthSupport.framework/Versions/A/AppleIDAuthSupport
0x00007fff2d93f000 	/System/Library/PrivateFrameworks/KeychainCircle.framework/Versions/A/KeychainCircle
0x00007fff30b7e000 	/System/Library/PrivateFrameworks/MediaKit.framework/Versions/A/MediaKit
0x00007fff30ad5000 	/System/Library/Frameworks/DiscRecording.framework/Versions/A/DiscRecording
0x00007fff2b102000 	/usr/lib/libCoreStorage.dylib
0x00007fff32fbc000 	/usr/lib/libcsfde.dylib
0x00007fff2e523000 	/System/Library/PrivateFrameworks/ProtectedCloudStorage.framework/Versions/A/ProtectedCloudStorage
0x00007fff32fb4000 	/System/Library/PrivateFrameworks/EFILogin.framework/Versions/A/EFILogin
0x00007fff335ce000 	/System/Library/Frameworks/AudioUnit.framework/Versions/A/AudioUnit
0x00007fff30a45000 	/System/Library/Frameworks/CoreBluetooth.framework/Versions/A/CoreBluetooth
0x00007fff2b0fa000 	/usr/lib/libMatch.1.dylib
0x00007fff2719d000 	/System/Library/PrivateFrameworks/ViewBridge.framework/Versions/A/ViewBridge
0x000000010cc52000 	/Library/Java/JavaVirtualMachines/jdk-11.0.8.jdk/Contents/Home/lib/libsunec.dylib
0x000000010cc7c000 	/Library/Java/JavaVirtualMachines/jdk-11.0.8.jdk/Contents/Home/lib/libextnet.dylib


VM Arguments:
jvm_args: --add-modules=ALL-SYSTEM --add-opens=java.base/java.util=ALL-UNNAMED --add-opens=java.base/java.lang=ALL-UNNAMED -Declipse.application=org.eclipse.jdt.ls.core.id1 -Dosgi.bundles.defaultStartLevel=4 -Declipse.product=org.eclipse.jdt.ls.core.product -Dfile.encoding=utf8 -XX:+UseParallelGC -XX:GCTimeRatio=4 -XX:AdaptiveSizePolicyWeight=90 -Dsun.zip.disableMemoryMapping=true -Xmx1G -Xms100m -javaagent:/Users/vinod/.vscode/extensions/gabrielbb.vscode-lombok-1.0.1/server/lombok.jar -Xverify:none 
java_command: /Users/vinod/.vscode/extensions/redhat.java-0.79.2/server/plugins/org.eclipse.equinox.launcher_1.6.100.v20201223-0822.jar -configuration /Users/vinod/Library/Application Support/Code/User/globalStorage/redhat.java/0.79.2/config_mac -data /Users/vinod/Library/Application Support/Code/User/workspaceStorage/f913a43c9b6fc29dedac1625012c17f2/redhat.java/jdt_ws
java_class_path (initial): /Users/vinod/.vscode/extensions/redhat.java-0.79.2/server/plugins/org.eclipse.equinox.launcher_1.6.100.v20201223-0822.jar
Launcher Type: SUN_STANDARD

[Global flags]
    uintx AdaptiveSizePolicyWeight                 = 90                                        {product} {command line}
     bool BytecodeVerificationLocal                = false                                     {product} {command line}
     bool BytecodeVerificationRemote               = false                                     {product} {command line}
     intx CICompilerCount                          = 4                                         {product} {ergonomic}
    uintx GCTimeRatio                              = 4                                         {product} {command line}
   size_t InitialHeapSize                          = 104857600                                 {product} {command line}
   size_t MaxHeapSize                              = 1073741824                                {product} {command line}
   size_t MaxNewSize                               = 357564416                                 {product} {ergonomic}
   size_t MinHeapDeltaBytes                        = 524288                                    {product} {ergonomic}
   size_t NewSize                                  = 34603008                                  {product} {ergonomic}
    uintx NonNMethodCodeHeapSize                   = 5836300                                {pd product} {ergonomic}
    uintx NonProfiledCodeHeapSize                  = 122910970                              {pd product} {ergonomic}
   size_t OldSize                                  = 70254592                                  {product} {ergonomic}
    uintx ProfiledCodeHeapSize                     = 122910970                              {pd product} {ergonomic}
    uintx ReservedCodeCacheSize                    = 251658240                              {pd product} {ergonomic}
     bool SegmentedCodeCache                       = true                                      {product} {ergonomic}
     bool UseCompressedClassPointers               = true                                 {lp64_product} {ergonomic}
     bool UseCompressedOops                        = true                                 {lp64_product} {ergonomic}
     bool UseParallelGC                            = true                                      {product} {command line}

Logging:
Log output configuration:
 #0: stdout all=warning uptime,level,tags
 #1: stderr all=off uptime,level,tags

Environment Variables:
JAVA_HOME=/Library/Java/JavaVirtualMachines/jdk-11.0.8.jdk/Contents/Home
CLASSPATH=.:/Users/vinod/Desktop/epsilon-march-2021/03-OOP Basics/target/classes
PATH=/Users/vinod/mongodb-macos-x86_64-4.4.5/bin:/Users/vinod/perl5/bin:/Users/vinod/go/bin:/Library/Frameworks/Python.framework/Versions/3.9/bin:/usr/local/bin:/usr/bin:/bin:/usr/sbin:/sbin:/usr/local/go/bin://Users/vinod/apache-maven-3.6.3/bin:/Library/Java/JavaVirtualMachines/jdk-11.0.8.jdk/Contents/Home/bin:/usr/local/go/bin:/usr/local/mysql/bin/
SHELL=/bin/zsh

Signal Handlers:
SIGSEGV: [libjvm.dylib+0x786954], sa_mask[0]=11111111011111110111111111111111, sa_flags=SA_ONSTACK|SA_RESTART|SA_SIGINFO
SIGBUS: [libjvm.dylib+0x786954], sa_mask[0]=11111111011111110111111111111111, sa_flags=SA_RESTART|SA_SIGINFO
SIGFPE: [libjvm.dylib+0x786954], sa_mask[0]=11111111011111110111111111111111, sa_flags=SA_RESTART|SA_SIGINFO
SIGPIPE: [libjvm.dylib+0x637ecb], sa_mask[0]=11111111011111110111111111111111, sa_flags=SA_RESTART|SA_SIGINFO
SIGXFSZ: [libjvm.dylib+0x637ecb], sa_mask[0]=11111111011111110111111111111111, sa_flags=SA_RESTART|SA_SIGINFO
SIGILL: [libjvm.dylib+0x786954], sa_mask[0]=11111111011111110111111111111111, sa_flags=SA_RESTART|SA_SIGINFO
SIGUSR2: [libjvm.dylib+0x6384b5], sa_mask[0]=00000000000000000000000000000000, sa_flags=SA_RESTART|SA_SIGINFO
SIGHUP: [libjvm.dylib+0x636f13], sa_mask[0]=11111111011111110111111111111111, sa_flags=SA_RESTART|SA_SIGINFO
SIGINT: [libjvm.dylib+0x636f13], sa_mask[0]=11111111011111110111111111111111, sa_flags=SA_RESTART|SA_SIGINFO
SIGTERM: [libjvm.dylib+0x636f13], sa_mask[0]=11111111011111110111111111111111, sa_flags=SA_RESTART|SA_SIGINFO
SIGQUIT: [libjvm.dylib+0x636f13], sa_mask[0]=11111111011111110111111111111111, sa_flags=SA_RESTART|SA_SIGINFO


---------------  S Y S T E M  ---------------

OS:uname:Darwin 20.5.0 Darwin Kernel Version 20.5.0: Sat May  8 05:10:33 PDT 2021; root:xnu-7195.121.3~9/RELEASE_X86_64 x86_64
rlimit: STACK 8192k, CORE 0k, NPROC 2784, NOFILE 10240, AS infinity, DATA infinity, FSIZE infinity
load average:5.77 4.62 4.04

CPU:total 12 (initial active 12) (6 cores per cpu, 2 threads per core) family 6 model 158 stepping 10, cmov, cx8, fxsr, mmx, sse, sse2, sse3, ssse3, sse4.1, sse4.2, popcnt, avx, avx2, aes, clmul, erms, 3dnowpref, lzcnt, ht, tsc, tscinvbit, bmi1, bmi2, adx, fma

Memory: 4k page, physical 16777216k(307852k free)

vm_info: Java HotSpot(TM) 64-Bit Server VM (11.0.8+10-LTS) for bsd-amd64 JRE (11.0.8+10-LTS), built on Jun 16 2020 04:52:58 by "mach5one" with gcc 4.2.1 Compatible Apple LLVM 10.0.0 (clang-1000.11.45.5)

END.
