[Mon Jun 21, 2021 11:59:23,366 AM] [main           ] com.sapient.programs.CheckDbConnection List of drivers registered with DriverManager
[Mon Jun 21, 2021 11:59:23,452 AM] [main           ] com.sapient.programs.CheckDbConnection com.mysql.cj.jdbc.Driver
[Mon Jun 21, 2021 12:01:27,354 PM] [main           ] com.sapient.programs.CheckDbConnection List of drivers registered with DriverManager
[Mon Jun 21, 2021 12:01:27,473 PM] [main           ] com.sapient.programs.CheckDbConnection com.mysql.cj.jdbc.Driver
[Mon Jun 21, 2021 12:01:27,473 PM] [main           ] com.sapient.programs.CheckDbConnection org.h2.Driver
[Mon Jun 21, 2021 12:02:13,962 PM] [main           ] com.sapient.programs.CheckDbConnection List of drivers registered with DriverManager
[Mon Jun 21, 2021 12:02:14,076 PM] [main           ] com.sapient.programs.CheckDbConnection com.mysql.cj.jdbc.Driver
[Mon Jun 21, 2021 12:02:14,077 PM] [main           ] com.sapient.programs.CheckDbConnection org.h2.Driver
[Mon Jun 21, 2021 12:02:29,807 PM] [main           ] com.sapient.programs.CheckDbConnection List of drivers registered with DriverManager
[Mon Jun 21, 2021 12:02:30,266 PM] [main           ] com.sapient.programs.CheckDbConnection com.mysql.cj.jdbc.Driver
[Mon Jun 21, 2021 12:02:30,266 PM] [main           ] com.sapient.programs.CheckDbConnection org.h2.Driver
[Mon Jun 21, 2021 12:02:30,266 PM] [main           ] com.sapient.programs.CheckDbConnection com.microsoft.sqlserver.jdbc.SQLServerDriver
[Mon Jun 21, 2021 12:03:49,514 PM] [main           ] com.sapient.programs.CheckDbConnection List of drivers registered with DriverManager
[Mon Jun 21, 2021 12:03:49,851 PM] [main           ] com.sapient.programs.CheckDbConnection com.mysql.cj.jdbc.Driver
[Mon Jun 21, 2021 12:03:49,851 PM] [main           ] com.sapient.programs.CheckDbConnection org.h2.Driver
[Mon Jun 21, 2021 12:03:49,852 PM] [main           ] com.sapient.programs.CheckDbConnection com.microsoft.sqlserver.jdbc.SQLServerDriver
[Mon Jun 21, 2021 12:05:44,412 PM] [main           ] com.sapient.programs.CheckDbConnection List of drivers registered with DriverManager
[Mon Jun 21, 2021 12:05:45,146 PM] [main           ] com.sapient.programs.CheckDbConnection com.mysql.cj.jdbc.Driver
[Mon Jun 21, 2021 12:05:45,146 PM] [main           ] com.sapient.programs.CheckDbConnection org.h2.Driver
[Mon Jun 21, 2021 12:05:45,146 PM] [main           ] com.sapient.programs.CheckDbConnection com.microsoft.sqlserver.jdbc.SQLServerDriver
[Mon Jun 21, 2021 12:05:45,147 PM] [main           ] com.sapient.programs.CheckDbConnection oracle.jdbc.OracleDriver
[Mon Jun 21, 2021 12:17:37,905 PM] [main           ] com.sapient.programs.CheckDbConnection List of drivers registered with DriverManager
[Mon Jun 21, 2021 12:17:38,372 PM] [main           ] com.sapient.programs.CheckDbConnection com.mysql.cj.jdbc.Driver
[Mon Jun 21, 2021 12:17:38,372 PM] [main           ] com.sapient.programs.CheckDbConnection org.h2.Driver
[Mon Jun 21, 2021 12:17:38,372 PM] [main           ] com.sapient.programs.CheckDbConnection com.microsoft.sqlserver.jdbc.SQLServerDriver
[Mon Jun 21, 2021 12:17:38,373 PM] [main           ] com.sapient.programs.CheckDbConnection oracle.jdbc.OracleDriver
[Mon Jun 21, 2021 12:17:56,043 PM] [main           ] com.sapient.programs.CheckDbConnection List of drivers registered with DriverManager
[Mon Jun 21, 2021 12:17:56,519 PM] [main           ] com.sapient.programs.CheckDbConnection com.mysql.cj.jdbc.Driver
[Mon Jun 21, 2021 12:17:56,519 PM] [main           ] com.sapient.programs.CheckDbConnection org.h2.Driver
[Mon Jun 21, 2021 12:17:56,519 PM] [main           ] com.sapient.programs.CheckDbConnection com.microsoft.sqlserver.jdbc.SQLServerDriver
[Mon Jun 21, 2021 12:17:56,520 PM] [main           ] com.sapient.programs.CheckDbConnection oracle.jdbc.OracleDriver
[Mon Jun 21, 2021 12:19:00,990 PM] [main           ] com.sapient.programs.CheckDbConnection List of drivers registered with DriverManager
[Mon Jun 21, 2021 12:19:01,537 PM] [main           ] com.sapient.programs.CheckDbConnection com.mysql.cj.jdbc.Driver
[Mon Jun 21, 2021 12:19:01,537 PM] [main           ] com.sapient.programs.CheckDbConnection org.h2.Driver
[Mon Jun 21, 2021 12:19:01,538 PM] [main           ] com.sapient.programs.CheckDbConnection com.microsoft.sqlserver.jdbc.SQLServerDriver
[Mon Jun 21, 2021 12:19:01,538 PM] [main           ] com.sapient.programs.CheckDbConnection oracle.jdbc.OracleDriver
[Mon Jun 21, 2021 12:19:02,543 PM] [main           ] com.sapient.programs.CheckDbConnection conn is of type com.mysql.cj.jdbc.ConnectionImpl
[Mon Jun 21, 2021 12:47:11,221 PM] [main           ] com.sapient.programs.CreateTable create table persons (id int primary key auto_increment, name varchar(50))
[Mon Jun 21, 2021 12:47:12,399 PM] [main           ] com.sapient.programs.CreateTable table persons created successfully
[Mon Jun 21, 2021 12:56:01,334 PM] [main           ] com.sapient.programs.InsertPersonRecords new record for persons table inserted successfully!
[Mon Jun 21, 2021 01:13:47,187 PM] [main           ] com.sapient.programs.GetRecordsFromPersonsTable id = 1, name = Vinod
[Mon Jun 21, 2021 01:15:09,319 PM] [main           ] com.sapient.programs.GetRecordsFromPersonsTable id = 1, name = Vinod
[Mon Jun 21, 2021 01:15:09,320 PM] [main           ] com.sapient.programs.GetRecordsFromPersonsTable id = 2, name = Shyam
[Mon Jun 21, 2021 01:15:09,320 PM] [main           ] com.sapient.programs.GetRecordsFromPersonsTable id = 3, name = Vishal
[Mon Jun 21, 2021 01:15:09,320 PM] [main           ] com.sapient.programs.GetRecordsFromPersonsTable id = 4, name = Vinay
[Mon Jun 21, 2021 01:15:09,320 PM] [main           ] com.sapient.programs.GetRecordsFromPersonsTable id = 5, name = Naveen
[Mon Jun 21, 2021 01:17:43,322 PM] [main           ] com.sapient.programs.GetRecordsFromPersonsTable id = 1, name = Vinod
[Mon Jun 21, 2021 01:17:43,324 PM] [main           ] com.sapient.programs.GetRecordsFromPersonsTable id = 2, name = Shyam
[Mon Jun 21, 2021 01:17:43,324 PM] [main           ] com.sapient.programs.GetRecordsFromPersonsTable id = 3, name = Vishal
[Mon Jun 21, 2021 01:17:43,324 PM] [main           ] com.sapient.programs.GetRecordsFromPersonsTable id = 4, name = Vinay
[Mon Jun 21, 2021 01:17:43,325 PM] [main           ] com.sapient.programs.GetRecordsFromPersonsTable id = 5, name = Naveen
